<?xml version="1.0" encoding="UTF-8"?>
<!-- Generated by org.testng.reporters.JUnitReportReporter -->
<testsuite hostname="DESKTOP-ITT167F" failures="0" tests="1" name="openweatherAPI" time="5.464" errors="0" timestamp="2024-11-17T21:59:22 EET" skipped="0">
  <testcase classname="openweatherAPI" name="testGetAndUseDescription" time="5.464"/>
  <system-out/>
</testsuite> <!-- openweatherAPI -->
